mode: set
github.com/Serajian/go-configmgr/cmd/configctl/main.go:11.13,19.63 6 0
github.com/Serajian/go-configmgr/cmd/configctl/main.go:19.63,21.3 1 0
github.com/Serajian/go-configmgr/cmd/configctl/main.go:23.2,23.17 1 0
github.com/Serajian/go-configmgr/cmd/configctl/main.go:24.14,26.28 2 0
github.com/Serajian/go-configmgr/cmd/configctl/main.go:28.10,29.44 1 0
github.com/Serajian/go-configmgr/configmgr/configmgr.go:15.40,17.2 1 1
github.com/Serajian/go-configmgr/configmgr/configmgr.go:20.54,22.2 1 1
github.com/Serajian/go-configmgr/configmgr/configmgr.go:25.61,27.2 1 1
github.com/Serajian/go-configmgr/configmgr/configmgr.go:30.58,32.2 1 1
github.com/Serajian/go-configmgr/configmgr/configmgr.go:35.38,37.2 1 1
github.com/Serajian/go-configmgr/configmgr/configmgr.go:39.52,40.27 1 1
github.com/Serajian/go-configmgr/configmgr/configmgr.go:41.14,45.44 2 1
github.com/Serajian/go-configmgr/configmgr/configmgr.go:45.44,47.4 1 1
github.com/Serajian/go-configmgr/configmgr/configmgr.go:50.3,50.49 1 1
github.com/Serajian/go-configmgr/configmgr/configmgr.go:50.49,52.4 1 1
github.com/Serajian/go-configmgr/configmgr/configmgr.go:55.3,55.11 1 1
github.com/Serajian/go-configmgr/configmgr/configmgr.go:57.15,59.27 1 1
github.com/Serajian/go-configmgr/configmgr/configmgr.go:59.27,61.4 1 1
github.com/Serajian/go-configmgr/configmgr/configmgr.go:62.3,62.11 1 1
github.com/Serajian/go-configmgr/configmgr/configmgr.go:64.10,65.15 1 1
github.com/Serajian/go-configmgr/configmgr/encrypt.go:18.71,20.16 2 1
github.com/Serajian/go-configmgr/configmgr/encrypt.go:20.16,22.3 1 0
github.com/Serajian/go-configmgr/configmgr/encrypt.go:24.2,25.16 2 1
github.com/Serajian/go-configmgr/configmgr/encrypt.go:25.16,27.3 1 1
github.com/Serajian/go-configmgr/configmgr/encrypt.go:29.2,32.16 3 1
github.com/Serajian/go-configmgr/configmgr/encrypt.go:32.16,34.3 1 0
github.com/Serajian/go-configmgr/configmgr/encrypt.go:36.2,37.16 2 1
github.com/Serajian/go-configmgr/configmgr/encrypt.go:37.16,39.3 1 0
github.com/Serajian/go-configmgr/configmgr/encrypt.go:41.2,41.37 1 1
github.com/Serajian/go-configmgr/configmgr/encrypt.go:41.37,43.3 1 1
github.com/Serajian/go-configmgr/configmgr/encrypt.go:45.2,47.16 3 1
github.com/Serajian/go-configmgr/configmgr/encrypt.go:47.16,49.3 1 1
github.com/Serajian/go-configmgr/configmgr/encrypt.go:51.2,54.24 3 1
github.com/Serajian/go-configmgr/configmgr/encrypt.go:54.24,55.56 1 1
github.com/Serajian/go-configmgr/configmgr/encrypt.go:55.56,57.4 1 0
github.com/Serajian/go-configmgr/configmgr/encrypt.go:58.8,58.52 1 1
github.com/Serajian/go-configmgr/configmgr/encrypt.go:58.52,59.56 1 1
github.com/Serajian/go-configmgr/configmgr/encrypt.go:59.56,61.4 1 0
github.com/Serajian/go-configmgr/configmgr/encrypt.go:62.8,64.3 1 0
github.com/Serajian/go-configmgr/configmgr/encrypt.go:66.2,66.24 1 1
github.com/Serajian/go-configmgr/configmgr/encrypt.go:66.24,68.3 1 1
github.com/Serajian/go-configmgr/configmgr/encrypt.go:70.2,70.12 1 1
github.com/Serajian/go-configmgr/configmgr/encrypt.go:73.42,74.42 1 1
github.com/Serajian/go-configmgr/configmgr/encrypt.go:74.42,76.3 1 1
github.com/Serajian/go-configmgr/configmgr/encrypt.go:77.2,77.42 1 1
github.com/Serajian/go-configmgr/configmgr/encrypt.go:77.42,79.3 1 1
github.com/Serajian/go-configmgr/configmgr/encrypt.go:80.2,80.41 1 1
github.com/Serajian/go-configmgr/configmgr/encrypt.go:80.41,82.3 1 1
github.com/Serajian/go-configmgr/configmgr/encrypt.go:83.2,83.27 1 1
github.com/Serajian/go-configmgr/configmgr/env.go:10.60,11.16 1 1
github.com/Serajian/go-configmgr/configmgr/env.go:11.16,13.3 1 0
github.com/Serajian/go-configmgr/configmgr/env.go:14.2,15.16 2 1
github.com/Serajian/go-configmgr/configmgr/env.go:15.16,17.3 1 1
github.com/Serajian/go-configmgr/configmgr/env.go:18.2,18.27 1 1
github.com/Serajian/go-configmgr/configmgr/env.go:18.27,21.3 2 1
github.com/Serajian/go-configmgr/configmgr/env.go:22.2,22.22 1 1
github.com/Serajian/go-configmgr/configmgr/env.go:22.22,24.3 1 0
github.com/Serajian/go-configmgr/configmgr/env.go:25.2,25.12 1 1
github.com/Serajian/go-configmgr/configmgr/env.go:29.53,30.38 1 1
github.com/Serajian/go-configmgr/configmgr/env.go:30.38,32.3 1 1
github.com/Serajian/go-configmgr/configmgr/env.go:33.2,33.22 1 1
github.com/Serajian/go-configmgr/configmgr/env.go:33.22,35.3 1 0
github.com/Serajian/go-configmgr/configmgr/export.go:10.51,12.2 1 1
github.com/Serajian/go-configmgr/configmgr/export.go:15.51,17.2 1 1
github.com/Serajian/go-configmgr/configmgr/files.go:14.58,16.16 2 1
github.com/Serajian/go-configmgr/configmgr/files.go:16.16,18.3 1 1
github.com/Serajian/go-configmgr/configmgr/files.go:20.2,23.13 3 1
github.com/Serajian/go-configmgr/configmgr/files.go:24.15,25.50 1 1
github.com/Serajian/go-configmgr/configmgr/files.go:25.50,27.4 1 0
github.com/Serajian/go-configmgr/configmgr/files.go:28.23,29.50 1 1
github.com/Serajian/go-configmgr/configmgr/files.go:29.50,31.4 1 1
github.com/Serajian/go-configmgr/configmgr/files.go:32.10,33.54 1 1
github.com/Serajian/go-configmgr/configmgr/files.go:36.2,36.24 1 1
github.com/Serajian/go-configmgr/configmgr/files.go:36.24,38.3 1 1
github.com/Serajian/go-configmgr/configmgr/files.go:39.2,39.22 1 1
github.com/Serajian/go-configmgr/configmgr/files.go:39.22,41.3 1 1
github.com/Serajian/go-configmgr/configmgr/files.go:42.2,42.12 1 1
github.com/Serajian/go-configmgr/configmgr/files.go:47.59,48.29 1 1
github.com/Serajian/go-configmgr/configmgr/files.go:48.29,49.47 1 1
github.com/Serajian/go-configmgr/configmgr/files.go:49.47,51.4 1 1
github.com/Serajian/go-configmgr/configmgr/files.go:53.2,53.12 1 1
github.com/Serajian/go-configmgr/configmgr/logger.go:9.46,11.2 1 1
github.com/Serajian/go-configmgr/configmgr/profile.go:27.73,32.15 3 1
github.com/Serajian/go-configmgr/configmgr/profile.go:32.15,33.20 1 1
github.com/Serajian/go-configmgr/configmgr/profile.go:33.20,35.4 1 0
github.com/Serajian/go-configmgr/configmgr/profile.go:36.3,36.35 1 1
github.com/Serajian/go-configmgr/configmgr/profile.go:39.2,39.13 1 1
github.com/Serajian/go-configmgr/configmgr/profile.go:40.32,42.51 1 1
github.com/Serajian/go-configmgr/configmgr/profile.go:42.51,44.4 1 0
github.com/Serajian/go-configmgr/configmgr/profile.go:46.3,48.49 3 1
github.com/Serajian/go-configmgr/configmgr/profile.go:48.49,50.4 1 1
github.com/Serajian/go-configmgr/configmgr/profile.go:51.3,51.13 1 1
github.com/Serajian/go-configmgr/configmgr/profile.go:53.14,55.53 1 1
github.com/Serajian/go-configmgr/configmgr/profile.go:55.53,57.4 1 0
github.com/Serajian/go-configmgr/configmgr/profile.go:59.3,60.49 2 1
github.com/Serajian/go-configmgr/configmgr/profile.go:60.49,62.4 1 1
github.com/Serajian/go-configmgr/configmgr/profile.go:63.3,63.13 1 0
github.com/Serajian/go-configmgr/configmgr/profile.go:65.10,66.54 1 0
github.com/Serajian/go-configmgr/configmgr/testcfg.go:5.57,7.23 2 1
github.com/Serajian/go-configmgr/configmgr/testcfg.go:7.23,9.3 1 1
github.com/Serajian/go-configmgr/configmgr/testcfg.go:10.2,10.11 1 1
github.com/Serajian/go-configmgr/configmgr/unmarshal.go:13.62,16.16 2 1
github.com/Serajian/go-configmgr/configmgr/unmarshal.go:16.16,18.3 1 0
github.com/Serajian/go-configmgr/configmgr/unmarshal.go:19.2,19.51 1 1
github.com/Serajian/go-configmgr/configmgr/unmarshal.go:19.51,21.3 1 0
github.com/Serajian/go-configmgr/configmgr/unmarshal.go:24.2,28.47 3 1
github.com/Serajian/go-configmgr/configmgr/unmarshal.go:28.47,30.3 1 1
github.com/Serajian/go-configmgr/configmgr/unmarshal.go:32.2,32.12 1 1
github.com/Serajian/go-configmgr/configmgr/unmarshal.go:36.40,40.36 3 1
github.com/Serajian/go-configmgr/configmgr/unmarshal.go:40.36,45.23 4 1
github.com/Serajian/go-configmgr/configmgr/unmarshal.go:45.23,46.12 1 1
github.com/Serajian/go-configmgr/configmgr/unmarshal.go:49.3,49.20 1 1
github.com/Serajian/go-configmgr/configmgr/unmarshal.go:49.20,50.24 1 1
github.com/Serajian/go-configmgr/configmgr/unmarshal.go:51.24,52.32 1 1
github.com/Serajian/go-configmgr/configmgr/unmarshal.go:53.80,54.69 1 1
github.com/Serajian/go-configmgr/configmgr/unmarshal.go:54.69,56.6 1 1
github.com/Serajian/go-configmgr/configmgr/unmarshal.go:57.22,58.60 1 1
github.com/Serajian/go-configmgr/configmgr/unmarshal.go:58.60,60.6 1 1
github.com/Serajian/go-configmgr/configmgr/unmarshal.go:61.12,62.11 1 0
github.com/Serajian/go-configmgr/configmgr/unmarshal.go:69.35,71.2 1 1
